[debug] [2022-08-06T11:56:08.570Z] ----------------------------------------------------------------------
[debug] [2022-08-06T11:56:08.572Z] Command:       C:\Program Files\nodejs\node.exe C:\Users\adilm\AppData\Roaming\npm\node_modules\firebase-tools\lib\bin\firebase.js init
[debug] [2022-08-06T11:56:08.573Z] CLI Version:   11.4.0
[debug] [2022-08-06T11:56:08.573Z] Platform:      win32
[debug] [2022-08-06T11:56:08.573Z] Node Version:  v18.4.0
[debug] [2022-08-06T11:56:08.585Z] Time:          Sat Aug 06 2022 17:56:08 GMT+0600 (Bangladesh Standard Time)
[debug] [2022-08-06T11:56:08.585Z] ----------------------------------------------------------------------
[debug] 
[debug] [2022-08-06T11:56:08.589Z] >>> [apiv2][query] GET https://firebase-public.firebaseio.com/cli.json [none]
[debug] [2022-08-06T11:56:08.684Z] > command requires scopes: ["email","openid","https://www.googleapis.com/auth/cloudplatformprojects.readonly","https://www.googleapis.com/auth/firebase","https://www.googleapis.com/auth/cloud-platform"]
[debug] [2022-08-06T11:56:08.685Z] > authorizing via signed-in user (adilmahmoudrion@gmail.com)
[info] 
     ######## #### ########  ######## ########     ###     ######  ########
     ##        ##  ##     ## ##       ##     ##  ##   ##  ##       ##
     ######    ##  ########  ######   ########  #########  ######  ######
     ##        ##  ##    ##  ##       ##     ## ##     ##       ## ##
     ##       #### ##     ## ######## ########  ##     ##  ######  ########

You're about to initialize a Firebase project in this directory:

  D:\Projects\Lakshmi_ink_bd\Client

[info] 
=== Project Setup
[info] 
[info] First, let's associate this project directory with a Firebase project.
[info] You can create multiple project aliases by running firebase use --add, 
[info] but for now we'll just set up a default project.
[info] 
[debug] [2022-08-06T11:56:18.979Z] <<< [apiv2][status] GET https://firebase-public.firebaseio.com/cli.json 200
[debug] [2022-08-06T11:56:18.979Z] <<< [apiv2][body] GET https://firebase-public.firebaseio.com/cli.json {"cloudBuildErrorAfter":1594252800000,"cloudBuildWarnAfter":1590019200000,"defaultNode10After":1594252800000,"minVersion":"3.0.5","node8DeploysDisabledAfter":1613390400000,"node8RuntimeDisabledAfter":1615809600000,"node8WarnAfter":1600128000000}
[debug] [2022-08-06T11:56:23.123Z] > refreshing access token with scopes: []
[debug] [2022-08-06T11:56:23.124Z] >>> [apiv2][query] POST https://www.googleapis.com/oauth2/v3/token [none]
[debug] [2022-08-06T11:56:23.124Z] >>> [apiv2][body] POST https://www.googleapis.com/oauth2/v3/token [omitted]
[debug] [2022-08-06T11:56:25.968Z] <<< [apiv2][status] POST https://www.googleapis.com/oauth2/v3/token 200
[debug] [2022-08-06T11:56:25.968Z] <<< [apiv2][body] POST https://www.googleapis.com/oauth2/v3/token [omitted]
[debug] [2022-08-06T11:56:25.985Z] >>> [apiv2][query] GET https://firebase.googleapis.com/v1beta1/projects pageSize=100
[debug] [2022-08-06T11:56:43.469Z] Failed to make request to https://firebase.googleapis.com/v1beta1/projects?pageSize=100
[debug] [2022-08-06T11:56:51.336Z] FirebaseError: Failed to make request to https://firebase.googleapis.com/v1beta1/projects?pageSize=100
    at RetryOperation._fn (C:\Users\adilm\AppData\Roaming\npm\node_modules\firebase-tools\lib\apiv2.js:242:31)
    at process.processTicksAndRejections (node:internal/process/task_queues:95:5)
[error] 
[error] Error: Failed to list Firebase projects. See firebase-debug.log for more info.
